2024-10-06 23:24:20.312 [info] Extension host with pid 30201 started
2024-10-06 23:24:20.312 [info] Skipping acquiring lock for /opt/lampp/htdocs/websiteNasa/~/.vscode-root/User/workspaceStorage/a0fe48f483037608981a7034858dfa44.
2024-10-06 23:24:21.501 [info] ExtensionService#_doActivateExtension vscode.emmet, startup: false, activationEvent: 'onLanguage'
2024-10-06 23:24:21.662 [info] ExtensionService#_doActivateExtension vscode.html-language-features, startup: false, activationEvent: 'onLanguage:html'
2024-10-06 23:24:22.338 [info] ExtensionService#_doActivateExtension vscode.git-base, startup: true, activationEvent: '*', root cause: vscode.git
2024-10-06 23:24:23.136 [info] ExtensionService#_doActivateExtension vscode.git, startup: true, activationEvent: '*'
2024-10-06 23:24:23.449 [info] ExtensionService#_doActivateExtension vscode.github, startup: true, activationEvent: '*'
2024-10-06 23:24:24.605 [info] Eager extensions activated
2024-10-06 23:24:24.868 [info] ExtensionService#_doActivateExtension vscode.debug-auto-launch, startup: false, activationEvent: 'onStartupFinished'
2024-10-06 23:24:24.878 [info] ExtensionService#_doActivateExtension vscode.merge-conflict, startup: false, activationEvent: 'onStartupFinished'
2024-10-06 23:24:34.422 [info] ExtensionService#_doActivateExtension vscode.php-language-features, startup: false, activationEvent: 'onLanguage:php'
2024-10-06 23:34:47.184 [info] ExtensionService#_doActivateExtension vscode.media-preview, startup: false, activationEvent: 'onCustomEditor:imagePreview.previewEditor'
2024-10-06 23:40:59.620 [info] ExtensionService#_doActivateExtension vscode.npm, startup: false, activationEvent: 'onTerminalQuickFixRequest:ms-vscode.npm-command'
2024-10-06 23:42:03.032 [warning] [Decorations] CAPPING events from decorations provider vscode.git 10000
2024-10-06 23:42:04.317 [error] Error: No such branch: main.
	at N.getBranch (/usr/share/code/resources/app/extensions/git/dist/main.js:2:936645)
	at async T.retryRun (/usr/share/code/resources/app/extensions/git/dist/main.js:2:1032124)
	at async T.run (/usr/share/code/resources/app/extensions/git/dist/main.js:2:1031728)
	at async T.getBranch (/usr/share/code/resources/app/extensions/git/dist/main.js:2:1020077)
	at async T.getBranchBase (/usr/share/code/resources/app/extensions/git/dist/main.js:2:1020363)
	at async t.GitHistoryProvider.resolveHEADMergeBase (/usr/share/code/resources/app/extensions/git/dist/main.js:2:948043)
	at async t.GitHistoryProvider.onDidRunGitStatus (/usr/share/code/resources/app/extensions/git/dist/main.js:2:941421)
2024-10-06 23:42:04.544 [warning] [Decorations] CAPPING events from decorations provider vscode.git 10000
2024-10-06 23:42:06.929 [warning] [Decorations] CAPPING events from decorations provider vscode.git 10001
2024-10-06 23:42:07.976 [error] Error: No such branch: main.
	at N.getBranch (/usr/share/code/resources/app/extensions/git/dist/main.js:2:936645)
	at async T.retryRun (/usr/share/code/resources/app/extensions/git/dist/main.js:2:1032124)
	at async T.run (/usr/share/code/resources/app/extensions/git/dist/main.js:2:1031728)
	at async T.getBranch (/usr/share/code/resources/app/extensions/git/dist/main.js:2:1020077)
	at async T.getBranchBase (/usr/share/code/resources/app/extensions/git/dist/main.js:2:1020363)
	at async t.GitHistoryProvider.resolveHEADMergeBase (/usr/share/code/resources/app/extensions/git/dist/main.js:2:948043)
	at async t.GitHistoryProvider.onDidRunGitStatus (/usr/share/code/resources/app/extensions/git/dist/main.js:2:941421)
2024-10-06 23:42:08.977 [error] Error: No such branch: main.
	at N.getBranch (/usr/share/code/resources/app/extensions/git/dist/main.js:2:936645)
	at async T.retryRun (/usr/share/code/resources/app/extensions/git/dist/main.js:2:1032124)
	at async T.run (/usr/share/code/resources/app/extensions/git/dist/main.js:2:1031728)
	at async T.getBranch (/usr/share/code/resources/app/extensions/git/dist/main.js:2:1020077)
	at async T.getBranchBase (/usr/share/code/resources/app/extensions/git/dist/main.js:2:1020363)
	at async t.GitHistoryProvider.resolveHEADMergeBase (/usr/share/code/resources/app/extensions/git/dist/main.js:2:948043)
	at async t.GitHistoryProvider.onDidRunGitStatus (/usr/share/code/resources/app/extensions/git/dist/main.js:2:941421)
2024-10-06 23:43:39.382 [warning] [Decorations] CAPPING events from decorations provider vscode.git 10000
2024-10-06 23:43:40.566 [error] Error: No such branch: master.
	at N.getBranch (/usr/share/code/resources/app/extensions/git/dist/main.js:2:936645)
	at async T.retryRun (/usr/share/code/resources/app/extensions/git/dist/main.js:2:1032124)
	at async T.run (/usr/share/code/resources/app/extensions/git/dist/main.js:2:1031728)
	at async T.getBranch (/usr/share/code/resources/app/extensions/git/dist/main.js:2:1020077)
	at async T.getBranchBase (/usr/share/code/resources/app/extensions/git/dist/main.js:2:1020363)
	at async t.GitHistoryProvider.resolveHEADMergeBase (/usr/share/code/resources/app/extensions/git/dist/main.js:2:948043)
	at async t.GitHistoryProvider.onDidRunGitStatus (/usr/share/code/resources/app/extensions/git/dist/main.js:2:941421)
2024-10-06 23:43:40.832 [warning] [Decorations] CAPPING events from decorations provider vscode.git 10000
2024-10-06 23:43:43.213 [error] Error: No such branch: master.
	at N.getBranch (/usr/share/code/resources/app/extensions/git/dist/main.js:2:936645)
	at async T.retryRun (/usr/share/code/resources/app/extensions/git/dist/main.js:2:1032124)
	at async T.run (/usr/share/code/resources/app/extensions/git/dist/main.js:2:1031728)
	at async T.getBranch (/usr/share/code/resources/app/extensions/git/dist/main.js:2:1020077)
	at async T.getBranchBase (/usr/share/code/resources/app/extensions/git/dist/main.js:2:1020363)
	at async t.GitHistoryProvider.resolveHEADMergeBase (/usr/share/code/resources/app/extensions/git/dist/main.js:2:948043)
	at async t.GitHistoryProvider.onDidRunGitStatus (/usr/share/code/resources/app/extensions/git/dist/main.js:2:941421)
